1732938703858	geckodriver	INFO	Listening on 127.0.0.1:50213
1732938706930	mozrunner::runner	INFO	Running command: "C:\\Program Files\\Mozilla Firefox\\firefox.exe" "--marionette" "--remote-debugging-port" "50214" "--remote-allow-hosts" "localhost" "-no-remote" "-profile" "C:\\Users\\ADMINI~1\\AppData\\Local\\Temp\\rust_mozprofileBtWITg"
console.warn: services.settings: Ignoring preference override of remote settings server
console.warn: services.settings: Allow by setting MOZ_REMOTE_SETTINGS_DEVTOOLS=1 in the environment
Dynamically enable window occlusion 0
1732938707319	Marionette	INFO	Marionette enabled
1732938707460	Marionette	INFO	Listening on port 50221
WebDriver BiDi listening on ws://127.0.0.1:50214
Read port: 50221
1732938707647	RemoteAgent	WARN	TLS certificate errors will be ignored for this session
1732938720839	Marionette	INFO	Stopped listening on port 50221
Dynamically enable window occlusion 1
1732941985019	geckodriver	INFO	Listening on 127.0.0.1:51303
1732941988084	mozrunner::runner	INFO	Running command: "C:\\Program Files\\Mozilla Firefox\\firefox.exe" "--marionette" "--remote-debugging-port" "51304" "--remote-allow-hosts" "localhost" "-no-remote" "-profile" "C:\\Users\\ADMINI~1\\AppData\\Local\\Temp\\rust_mozprofilesMlXTG"
console.warn: services.settings: Ignoring preference override of remote settings server
console.warn: services.settings: Allow by setting MOZ_REMOTE_SETTINGS_DEVTOOLS=1 in the environment
Dynamically enable window occlusion 0
1732941988471	Marionette	INFO	Marionette enabled
1732941988613	Marionette	INFO	Listening on port 51312
WebDriver BiDi listening on ws://127.0.0.1:51304
Read port: 51312
1732941988810	RemoteAgent	WARN	TLS certificate errors will be ignored for this session
JavaScript warning: https://www.w3schools.com/lib/my-learning/main.js?v=1.0.29, line 1269: unreachable code after return statement
JavaScript warning: https://www.w3schools.com/lib/my-learning/main.js?v=1.0.29, line 1347: unreachable code after return statement
JavaScript warning: https://www.w3schools.com/lib/w3schools_footer.js?update=20240910, line 323: unreachable code after return statement
1732941997940	Marionette	INFO	Stopped listening on port 51312
JavaScript warning: https://www.w3schools.com/lib/common-deps.js?v=1.0.5, line 322: Script terminated by timeout at:
Util.objFieldOnSetCallback/intervalHandler<@https://www.w3schools.com/lib/common-deps.js?v=1.0.5:322:9

Dynamically enable window occlusion 1
1732943206425	geckodriver	INFO	Listening on 127.0.0.1:51642
1732943209487	mozrunner::runner	INFO	Running command: "C:\\Program Files\\Mozilla Firefox\\firefox.exe" "--marionette" "--remote-debugging-port" "51643" "--remote-allow-hosts" "localhost" "-no-remote" "-profile" "C:\\Users\\ADMINI~1\\AppData\\Local\\Temp\\rust_mozprofileXhk7sA"
console.warn: services.settings: Ignoring preference override of remote settings server
console.warn: services.settings: Allow by setting MOZ_REMOTE_SETTINGS_DEVTOOLS=1 in the environment
Dynamically enable window occlusion 0
1732943209848	Marionette	INFO	Marionette enabled
1732943209988	Marionette	INFO	Listening on port 51650
WebDriver BiDi listening on ws://127.0.0.1:51643
Read port: 51650
1732943210066	RemoteAgent	WARN	TLS certificate errors will be ignored for this session
1732943219556	Marionette	INFO	Stopped listening on port 51650
JavaScript warning: https://duckduckgo.com/dist/lib/l.32113981e35aa54fc221.js, line 45: Script terminated by timeout at:
dispatch@https://duckduckgo.com/dist/lib/l.32113981e35aa54fc221.js:45:36350
add/v.handle@https://duckduckgo.com/dist/lib/l.32113981e35aa54fc221.js:45:33613

Dynamically enable window occlusion 1
1732943975022	geckodriver	INFO	Listening on 127.0.0.1:51988
1732943978101	mozrunner::runner	INFO	Running command: "C:\\Program Files\\Mozilla Firefox\\firefox.exe" "--marionette" "--remote-debugging-port" "51989" "--remote-allow-hosts" "localhost" "-no-remote" "-profile" "C:\\Users\\ADMINI~1\\AppData\\Local\\Temp\\rust_mozprofilePjy7qU"
console.warn: services.settings: Ignoring preference override of remote settings server
console.warn: services.settings: Allow by setting MOZ_REMOTE_SETTINGS_DEVTOOLS=1 in the environment
Dynamically enable window occlusion 0
1732943978476	Marionette	INFO	Marionette enabled
1732943978611	Marionette	INFO	Listening on port 51997
WebDriver BiDi listening on ws://127.0.0.1:51989
Read port: 51997
1732943978801	RemoteAgent	WARN	TLS certificate errors will be ignored for this session
console.warn: LoginRecipes: "Falling back to a synchronous message for: https://github.com."
console.warn: LoginRecipes: "Falling back to a synchronous message for: https://github.com."
console.warn: LoginRecipes: "Falling back to a synchronous message for: https://github.com."
1732943987921	Marionette	INFO	Stopped listening on port 51997
Dynamically enable window occlusion 1
1732944130295	geckodriver	INFO	Listening on 127.0.0.1:52089
1732944133358	mozrunner::runner	INFO	Running command: "C:\\Program Files\\Mozilla Firefox\\firefox.exe" "--marionette" "--remote-debugging-port" "52090" "--remote-allow-hosts" "localhost" "-no-remote" "-profile" "C:\\Users\\ADMINI~1\\AppData\\Local\\Temp\\rust_mozprofileK1vdQx"
console.warn: services.settings: Ignoring preference override of remote settings server
console.warn: services.settings: Allow by setting MOZ_REMOTE_SETTINGS_DEVTOOLS=1 in the environment
Dynamically enable window occlusion 0
1732944133718	Marionette	INFO	Marionette enabled
1732944133856	Marionette	INFO	Listening on port 52097
WebDriver BiDi listening on ws://127.0.0.1:52090
Read port: 52097
1732944134011	RemoteAgent	WARN	TLS certificate errors will be ignored for this session
console.warn: LoginRecipes: "Falling back to a synchronous message for: https://github.com."
console.warn: LoginRecipes: "Falling back to a synchronous message for: https://github.com."
console.warn: LoginRecipes: "Falling back to a synchronous message for: https://github.com."
console.warn: LoginRecipes: "Falling back to a synchronous message for: https://github.com."
console.warn: LoginRecipes: "Falling back to a synchronous message for: https://github.com."
console.error: ({})
console.error: ({})
JavaScript error: resource://gre/actors/FormHandlerChild.sys.mjs, line 103: InvalidStateError: JSWindowActorChild.document getter: Cannot access property 'document' after actor 'FormHandler' has been destroyed
1732944143059	Marionette	INFO	Stopped listening on port 52097
Dynamically enable window occlusion 1
1732944482977	geckodriver	INFO	Listening on 127.0.0.1:52321
1732944486032	mozrunner::runner	INFO	Running command: "C:\\Program Files\\Mozilla Firefox\\firefox.exe" "--marionette" "--remote-debugging-port" "52322" "--remote-allow-hosts" "localhost" "-no-remote" "-profile" "C:\\Users\\ADMINI~1\\AppData\\Local\\Temp\\rust_mozprofileieGwzE"
console.warn: services.settings: Ignoring preference override of remote settings server
console.warn: services.settings: Allow by setting MOZ_REMOTE_SETTINGS_DEVTOOLS=1 in the environment
Dynamically enable window occlusion 0
1732944486430	Marionette	INFO	Marionette enabled
1732944486568	Marionette	INFO	Listening on port 52330
WebDriver BiDi listening on ws://127.0.0.1:52322
Read port: 52330
1732944486752	RemoteAgent	WARN	TLS certificate errors will be ignored for this session
1732944496824	Marionette	INFO	Stopped listening on port 52330
Dynamically enable window occlusion 1
1732944607234	geckodriver	INFO	Listening on 127.0.0.1:52511
1732944610307	mozrunner::runner	INFO	Running command: "C:\\Program Files\\Mozilla Firefox\\firefox.exe" "--marionette" "--remote-debugging-port" "52512" "--remote-allow-hosts" "localhost" "-no-remote" "-profile" "C:\\Users\\ADMINI~1\\AppData\\Local\\Temp\\rust_mozprofileBycw4x"
console.warn: services.settings: Ignoring preference override of remote settings server
console.warn: services.settings: Allow by setting MOZ_REMOTE_SETTINGS_DEVTOOLS=1 in the environment
Dynamically enable window occlusion 0
1732944610667	Marionette	INFO	Marionette enabled
1732944610807	Marionette	INFO	Listening on port 52520
WebDriver BiDi listening on ws://127.0.0.1:52512
Read port: 52520
1732944610961	RemoteAgent	WARN	TLS certificate errors will be ignored for this session
1732944621795	Marionette	INFO	Stopped listening on port 52520
Dynamically enable window occlusion 1
1732945534835	geckodriver	INFO	Listening on 127.0.0.1:53215
1732945537895	mozrunner::runner	INFO	Running command: "C:\\Program Files\\Mozilla Firefox\\firefox.exe" "--marionette" "--remote-debugging-port" "53216" "--remote-allow-hosts" "localhost" "-no-remote" "-profile" "C:\\Users\\ADMINI~1\\AppData\\Local\\Temp\\rust_mozprofileGf9OF5"
console.warn: services.settings: Ignoring preference override of remote settings server
console.warn: services.settings: Allow by setting MOZ_REMOTE_SETTINGS_DEVTOOLS=1 in the environment
Dynamically enable window occlusion 0
1732945538263	Marionette	INFO	Marionette enabled
1732945538411	Marionette	INFO	Listening on port 53226
WebDriver BiDi listening on ws://127.0.0.1:53216
Read port: 53226
1732945538597	RemoteAgent	WARN	TLS certificate errors will be ignored for this session
console.warn: LoginRecipes: "Falling back to a synchronous message for: https://github.com."
console.warn: LoginRecipes: "Falling back to a synchronous message for: https://github.com."
console.warn: LoginRecipes: "Falling back to a synchronous message for: https://github.com."
console.warn: LoginRecipes: "Falling back to a synchronous message for: https://github.com."
console.warn: LoginRecipes: "Falling back to a synchronous message for: https://github.com."
console.error: ({})
console.error: ({})
JavaScript error: resource://gre/actors/FormHandlerChild.sys.mjs, line 103: InvalidStateError: JSWindowActorChild.document getter: Cannot access property 'document' after actor 'FormHandler' has been destroyed
1732945547682	Marionette	INFO	Stopped listening on port 53226
Dynamically enable window occlusion 1
1732946145335	geckodriver	INFO	Listening on 127.0.0.1:53735
1732946148374	mozrunner::runner	INFO	Running command: "C:\\Program Files\\Mozilla Firefox\\firefox.exe" "--marionette" "--remote-debugging-port" "53736" "--remote-allow-hosts" "localhost" "-no-remote" "-profile" "C:\\Users\\ADMINI~1\\AppData\\Local\\Temp\\rust_mozprofilewM6Ieq"
console.warn: services.settings: Ignoring preference override of remote settings server
console.warn: services.settings: Allow by setting MOZ_REMOTE_SETTINGS_DEVTOOLS=1 in the environment
Dynamically enable window occlusion 0
1732946148745	Marionette	INFO	Marionette enabled
1732946148880	Marionette	INFO	Listening on port 53745
WebDriver BiDi listening on ws://127.0.0.1:53736
Read port: 53745
1732946149059	RemoteAgent	WARN	TLS certificate errors will be ignored for this session
Exiting due to channel error.
Listening on 127.0.0.1:53806
1732946191836	mozrunner::runner	INFO	Running command: "C:\\Program Files\\Mozilla Firefox\\firefox.exe" "--marionette" "--remote-debugging-port" "53807" "--remote-allow-hosts" "localhost" "-no-remote" "-profile" "C:\\Users\\ADMINI~1\\AppData\\Local\\Temp\\rust_mozprofiletqmSva"
console.warn: services.settings: Ignoring preference override of remote settings server
console.warn: services.settings: Allow by setting MOZ_REMOTE_SETTINGS_DEVTOOLS=1 in the environment
Dynamically enable window occlusion 0
1732946192191	Marionette	INFO	Marionette enabled
1732946192325	Marionette	INFO	Listening on port 53815
WebDriver BiDi listening on ws://127.0.0.1:53807
Read port: 53815
1732946192487	RemoteAgent	WARN	TLS certificate errors will be ignored for this session
1732946267891	geckodriver	INFO	Listening on 127.0.0.1:53939
1732946270967	mozrunner::runner	INFO	Running command: "C:\\Program Files\\Mozilla Firefox\\firefox.exe" "--marionette" "--remote-debugging-port" "53940" "--remote-allow-hosts" "localhost" "-no-remote" "-profile" "C:\\Users\\ADMINI~1\\AppData\\Local\\Temp\\rust_mozprofileWI2rBc"
console.warn: services.settings: Ignoring preference override of remote settings server
console.warn: services.settings: Allow by setting MOZ_REMOTE_SETTINGS_DEVTOOLS=1 in the environment
Dynamically enable window occlusion 0
1732946271327	Marionette	INFO	Marionette enabled
1732946271462	Marionette	INFO	Listening on port 53951
WebDriver BiDi listening on ws://127.0.0.1:53940
Read port: 53951
1732946271622	RemoteAgent	WARN	TLS certificate errors will be ignored for this session
console.warn: LoginRecipes: "Falling back to a synchronous message for: https://github.com."
console.warn: LoginRecipes: "Falling back to a synchronous message for: https://github.com."
console.warn: LoginRecipes: "Falling back to a synchronous message for: https://github.com."
console.warn: WindowsJumpLists: "Failed to fetch favicon for " "https://github.com/login" ({})
console.warn: WindowsJumpLists: "Failed to fetch favicon for " "https://github.com/login" ({})
console.warn: WindowsJumpLists: "Failed to fetch favicon for " "https://github.com/login" ({})
console.warn: WindowsJumpLists: "Failed to fetch favicon for " "https://github.com/login" ({})
console.warn: WindowsJumpLists: "Failed to fetch favicon for " "https://github.com/login" ({})
console.warn: WindowsJumpLists: "Failed to fetch favicon for " "https://github.com/login" ({})
console.warn: WindowsJumpLists: "Failed to fetch favicon for " "https://github.com/login" ({})
Exiting due to channel error.
e enabled
1732946474137	Marionette	INFO	Listening on port 54280
WebDriver BiDi listening on ws://127.0.0.1:54269
Read port: 54280
1732946474300	RemoteAgent	WARN	TLS certificate errors will be ignored for this session
console.warn: LoginRecipes: "Falling back to a synchronous message for: https://github.com."
console.warn: LoginRecipes: "Falling back to a synchronous message for: https://github.com."
console.warn: LoginRecipes: "Falling back to a synchronous message for: https://github.com."
console.warn: WindowsJumpLists: "Failed to fetch favicon for " "https://github.com/login" ({})
console.warn: WindowsJumpLists: "Failed to fetch favicon for " "https://github.com/login" ({})
console.warn: WindowsJumpLists: "Failed to fetch favicon for " "https://github.com/login" ({})
console.warn: WindowsJumpLists: "Failed to fetch favicon for " "https://github.com/login" ({})
console.warn: WindowsJumpLists: "Failed to fetch favicon for " "https://github.com/login" ({})
console.warn: WindowsJumpLists: "Failed to fetch favicon for " "https://github.com/login" ({})
Exiting due to channel error.
 the environment
Dynamically enable window occlusion 0
1732946652935	Marionette	INFO	Marionette enabled
1732946653076	Marionette	INFO	Listening on port 54520
Read port: 54520
WebDriver BiDi listening on ws://127.0.0.1:54511
1732946653153	RemoteAgent	WARN	TLS certificate errors will be ignored for this session
console.warn: LoginRecipes: "Falling back to a synchronous message for: https://github.com."
console.warn: LoginRecipes: "Falling back to a synchronous message for: https://github.com."
console.warn: LoginRecipes: "Falling back to a synchronous message for: https://github.com."
console.warn: WindowsJumpLists: "Failed to fetch favicon for " "https://github.com/login" ({})
console.warn: WindowsJumpLists: "Failed to fetch favicon for " "https://github.com/login" ({})
console.warn: WindowsJumpLists: "Failed to fetch favicon for " "https://github.com/login" ({})
console.warn: WindowsJumpLists: "Failed to fetch favicon for " "https://github.com/login" ({})
Exiting due to channel error.
t_mozprofile9t4jyY"
console.warn: services.settings: Ignoring preference override of remote settings server
console.warn: services.settings: Allow by setting MOZ_REMOTE_SETTINGS_DEVTOOLS=1 in the environment
Dynamically enable window occlusion 0
1732946846862	Marionette	INFO	Marionette enabled
1732946847012	Marionette	INFO	Listening on port 54774
WebDriver BiDi listening on ws://127.0.0.1:54765
Read port: 54774
1732946847196	RemoteAgent	WARN	TLS certificate errors will be ignored for this session
[GFX[GFX[GFX1-]11-]: -]: CompositCompositorBridgeCorBridgeChild receives IPC close withild receives IPC close with reash reason=AbnormalShon=AbnormalShutdown
: CompositorBridgeChild receives IPC cl[GFX1-]: CompositorBridgeChild receives IPC close with reason=AbnormalShutdown
ose with reason=AbnormalShutdown
utdown
Exiting due to channel error.
: services.settings: Ignoring preference override of remote settings server
console.warn: services.settings: Allow by setting MOZ_REMOTE_SETTINGS_DEVTOOLS=1 in the environment
Dynamically enable window occlusion 0
1732946868643	Marionette	INFO	Marionette enabled
1732946868790	Marionette	INFO	Listening on port 54835
WebDriver BiDi listening on ws://127.0.0.1:54823
Read port: 54835
1732946868981	RemoteAgent	WARN	TLS certificate errors will be ignored for this session
1732946872381	Marionette	INFO	Stopped listening on port 54835
Dynamically enable window occlusion 1
1732946881909	geckodriver	INFO	Listening on 127.0.0.1:54881
1732946884979	mozrunner::runner	INFO	Running command: "C:\\Program Files\\Mozilla Firefox\\firefox.exe" "--marionette" "--remote-debugging-port" "54882" "--remote-allow-hosts" "localhost" "-no-remote" "-profile" "C:\\Users\\ADMINI~1\\AppData\\Local\\Temp\\rust_mozprofileofJMWw"
console.warn: services.settings: Ignoring preference override of remote settings server
console.warn: services.settings: Allow by setting MOZ_REMOTE_SETTINGS_DEVTOOLS=1 in the environment
Dynamically enable window occlusion 0
1732946885334	Marionette	INFO	Marionette enabled
1732946885477	Marionette	INFO	Listening on port 54892
WebDriver BiDi listening on ws://127.0.0.1:54882
Read port: 54892
1732946885635	RemoteAgent	WARN	TLS certificate errors will be ignored for this session
[GFX1-]: CompositorBridg[GFX1-]: CompositorBridgeChild receives IPC close with reason=AbnormalShutdown
eChild [GFX1-]: CompositorBrir[eceGFX1-]:ives IPC close with reason=AbnormalShutdown
 CompositorBridgeChild receives IPC close with reason=AbnormalShutdown
dgeChild receives IPC close with reason=AbnormalShutdown
Exiting due to channel error.
: services.settings: Ignoring preference override of remote settings server
console.warn: services.settings: Allow by setting MOZ_REMOTE_SETTINGS_DEVTOOLS=1 in the environment
Dynamically enable window occlusion 0
1732946927361	Marionette	INFO	Marionette enabled
1732946927503	Marionette	INFO	Listening on port 55002
WebDriver BiDi listening on ws://127.0.0.1:54992
Read port: 55002
1732946927658	RemoteAgent	WARN	TLS certificate errors will be ignored for this session
1732946937489	Marionette	INFO	Stopped listening on port 55002
Dynamically enable window occlusion 1
1732947185602	geckodriver	INFO	Listening on 127.0.0.1:55352
1732947188679	mozrunner::runner	INFO	Running command: "C:\\Program Files\\Mozilla Firefox\\firefox.exe" "--marionette" "--remote-debugging-port" "55353" "--remote-allow-hosts" "localhost" "-no-remote" "-profile" "C:\\Users\\ADMINI~1\\AppData\\Local\\Temp\\rust_mozprofilexlDw9Q"
console.warn: services.settings: Ignoring preference override of remote settings server
console.warn: services.settings: Allow by setting MOZ_REMOTE_SETTINGS_DEVTOOLS=1 in the environment
Dynamically enable window occlusion 0
1732947189047	Marionette	INFO	Marionette enabled
1732947189193	Marionette	INFO	Listening on port 55364
WebDriver BiDi listening on ws://127.0.0.1:55353
Read port: 55364
1732947189382	RemoteAgent	WARN	TLS certificate errors will be ignored for this session
Exiting due to channel error.
Exiting due to channel error.
Exiting due to channel error.
1732947436108	geckodriver	INFO	Listening on 127.0.0.1:55650
1732947439180	mozrunner::runner	INFO	Running command: "C:\\Program Files\\Mozilla Firefox\\firefox.exe" "--marionette" "--remote-debugging-port" "55651" "--remote-allow-hosts" "localhost" "-no-remote" "-profile" "C:\\Users\\ADMINI~1\\AppData\\Local\\Temp\\rust_mozprofilexOJAmd"
console.warn: services.settings: Ignoring preference override of remote settings server
console.warn: services.settings: Allow by setting MOZ_REMOTE_SETTINGS_DEVTOOLS=1 in the environment
Dynamically enable window occlusion 0
1732947439552	Marionette	INFO	Marionette enabled
1732947439686	Marionette	INFO	Listening on port 55663
WebDriver BiDi listening on ws://127.0.0.1:55651
Read port: 55663
1732947439869	RemoteAgent	WARN	TLS certificate errors will be ignored for this session
console.warn: LoginRecipes: "Falling back to a synchronous message for: https://github.com."
console.warn: LoginRecipes: "Falling back to a synchronous message for: https://github.com."
console.warn: LoginRecipes: "Falling back to a synchronous message for: https://github.com."
console.warn: WindowsJumpLists: "Failed to fetch favicon for " "https://github.com/login" ({})
console.warn: WindowsJumpLists: "Failed to fetch favicon for " "https://github.com/login" ({})
console.warn: WindowsJumpLists: "Failed to fetch favicon for " "https://github.com/login" ({})
console.warn: WindowsJumpLists: "Failed to fetch favicon for " "https://github.com/login" ({})
console.warn: WindowsJumpLists: "Failed to fetch favicon for " "https://github.com/login" ({})
JavaScript error: , line 0: NS_ERROR_NOT_AVAILABLE
console.warn: WindowsJumpLists: "Failed to fetch favicon for " "https://github.com/login" ({})
1732951484132	Marionette	INFO	Stopped listening on port 55663
Dynamically enable window occlusion 1
no-remote" "-profile" "C:\\Users\\ADMINI~1\\AppData\\Local\\Temp\\rust_mozprofile9S67QO"
console.warn: services.settings: Ignoring preference override of remote settings server
console.warn: services.settings: Allow by setting MOZ_REMOTE_SETTINGS_DEVTOOLS=1 in the environment
Dynamically enable window occlusion 0
1732948341432	Marionette	INFO	Marionette enabled
1732948341568	Marionette	INFO	Listening on port 56739
WebDriver BiDi listening on ws://127.0.0.1:56728
Read port: 56739
1732948341724	RemoteAgent	WARN	TLS certificate errors will be ignored for this session
1732951484182	Marionette	INFO	Stopped listening on port 56739
Dynamically enable window occlusion 1
ng command: "C:\\Program Files\\Mozilla Firefox\\firefox.exe" "--marionette" "--remote-debugging-port" "56826" "--remote-allow-hosts" "localhost" "-no-remote" "-profile" "C:\\Users\\ADMINI~1\\AppData\\Local\\Temp\\rust_mozprofileKd0E2C"
console.warn: services.settings: Ignoring preference override of remote settings server
console.warn: services.settings: Allow by setting MOZ_REMOTE_SETTINGS_DEVTOOLS=1 in the environment
Dynamically enable window occlusion 0
1732948397772	Marionette	INFO	Marionette enabled
1732948397909	Marionette	INFO	Listening on port 56837
WebDriver BiDi listening on ws://127.0.0.1:56826
Read port: 56837
1732948398070	RemoteAgent	WARN	TLS certificate errors will be ignored for this session
1732951484400	Marionette	INFO	Stopped listening on port 56837
Dynamically enable window occlusion 1
ng command: "C:\\Program Files\\Mozilla Firefox\\firefox.exe" "--marionette" "--remote-debugging-port" "56981" "--remote-allow-hosts" "localhost" "-no-remote" "-profile" "C:\\Users\\ADMINI~1\\AppData\\Local\\Temp\\rust_mozprofileMxPFo4"
console.warn: services.settings: Ignoring preference override of remote settings server
console.warn: services.settings: Allow by setting MOZ_REMOTE_SETTINGS_DEVTOOLS=1 in the environment
Dynamically enable window occlusion 0
1732948478583	Marionette	INFO	Marionette enabled
1732948478768	Marionette	INFO	Listening on port 56992
WebDriver BiDi listening on ws://127.0.0.1:56981
Read port: 56992
1732948478951	RemoteAgent	WARN	TLS certificate errors will be ignored for this session
1732951484226	Marionette	INFO	Stopped listening on port 56992
Dynamically enable window occlusion 1
ng command: "C:\\Program Files\\Mozilla Firefox\\firefox.exe" "--marionette" "--remote-debugging-port" "57241" "--remote-allow-hosts" "localhost" "-no-remote" "-profile" "C:\\Users\\ADMINI~1\\AppData\\Local\\Temp\\rust_mozprofileLvQGEx"
console.warn: services.settings: Ignoring preference override of remote settings server
console.warn: services.settings: Allow by setting MOZ_REMOTE_SETTINGS_DEVTOOLS=1 in the environment
Dynamically enable window occlusion 0
1732948645636	Marionette	INFO	Marionette enabled
1732948645817	Marionette	INFO	Listening on port 57251
WebDriver BiDi listening on ws://127.0.0.1:57241
Read port: 57251
1732948645997	RemoteAgent	WARN	TLS certificate errors will be ignored for this session
JavaScript warning: https://en.wikipedia.org/w/load.php?lang=en&modules=ext.centralNotice.choiceData%2Cdisplay%2CgeoIP%2CimpressionDiet%2CkvStore%2ClegacySupport%2CstartUp%7Cext.centralauth.ForeignApi%2Ccentralautologin%7Cext.checkUser.clientHints%7Cext.cite.ux-enhancements%7Cext.cx.eventlogging.campaigns%7Cext.cx.model%7Cext.cx.uls.quick.actions%7Cext.echo.centralauth%7Cext.eventLogging%2CnavigationTiming%2Cpopups%2CwikimediaEvents%7Cext.growthExperiments.SuggestedEditSession%7Cext.phonos.init%7Cext.scribunto.logs%7Cext.tmh.OgvJsSupport%2Cplayer%7Cext.uls.common%2Cinterface%2Cpreferences%2Cwebfonts%7Cext.urlShortener.toolbar%7Cjquery%2Coojs%2Csite%7Cjquery.client%2CmakeCollapsible%2CtextSelection%7Cjquery.uls.data%7Cmediawiki.ForeignApi%2CString%2CTitle%2CUri%2Capi%2Cbase%2Ccldr%2Ccookie%2Cexperiments%2CjqueryMsg%2C1732951484012	Marionette	INFO	Stopped listening on port 57360
Dynamically enable window occlusion 1
ki.editfont.styles%7Cmediawiki.libs.pluralruleparser%7Cmediawiki.page.gallery%2Cmedia%2Cready%7Cmediawiki.page.watch.ajax%7Cmmv.bootstrap%2Ccodex%7Cmw.cx.SiteMapper%7Coojs-ui.styles.icons-interactions%7Cskins.vector.clientPreferences%2Cjs%7Cskins.vector.icons.js%7Cwikibase.client.vector-2022%7Cwikibase.sidebar.tracking&skin=vector-2022&version=19isk, line 97: Script terminated by timeout at:
ext.eventLogging/BackgroundQueue.js/BackgroundQueue/queue.flush@https://en.wikipedia.org/w/load.php?lang=en&modules=ext.centralNotice.choiceData%2Cdisplay%2CgeoIP%2CimpressionDiet%2CkvStore%2ClegacySupport%2CstartUp%7Cext.centralauth.ForeignApi%2Ccentralautologin%7Cext.checkUser.clientHints%7Cext.cite.ux-enhancements%7Cext.cx.eventlogging.campaigns%7Cext.cx.model%7Cext.cx.uls.quick.actions%7Cext.echo.centralauth%7Cext.eventLogging%2CnavigationTiming%2Cpopups%2CwikimediaEvents%7Cext.growthExperiments.SuggestedEditSession%7Cext.phonos.init%7Cext.scribunto.logs%7Cext.tmh.OgvJsSupport%2Cplayer%7Cext.uls.common%2Cinterface%2Cpreferences%2Cwebfonts%7Cext.urlShortener.toolbar%7Cjquery%2Coojs%2Csite%7Cjquery.client%2CmakeCollapsible%2CtextSelection%7Cjquery.uls.data%7Cmediawiki.ForeignApi%2CString%2CTitle%2CUri%2Capi%2Cbase%2Ccldr%2Ccookie%2Cexperiments%2CjqueryMsg%2Clanguage%2Crouter%2Cstorage%2Ctoc%2Cuser%2Cutil%2CvisibleTimeout%7Cmediawiki.ForeignApi.core%7Cmediawiki.editfont.styles%7Cmediawiki.libs.pluralruleparser%7Cmediawiki.page.gallery%2Cmedia%2Cready%7Cmediawiki.page.watch.ajax%7Cmmv.bootstrap%2Ccodex%7Cmw.cx.SiteMapper%7Coojs-ui.styles.icons-interactions%7Cskins.vector.clientPreferences%2Cjs%7Cskins.vector.icons.js%7Cwikibase.client.vector-2022%7Cwikibase.sidebar.tracking&skin=vector-2022&version=19isk:97:515
ext.eventLogging/BackgroundQueue.js/BackgroundQueue/<@https://en.wikipedia.org/w/load.php?lang=en&modules=ext.centralNotice.choiceData%2Cdisplay%2CgeoIP%2CimpressionDiet%2CkvStore%2ClegacySupport%2CstartUp%7Cext.centralauth.ForeignApi%2Ccentralautologin%7Cext.checkUser.clientHints%7Cext.cite.ux-enhancements%7Cext.cx.eventlogging.campaigns%7Cext.cx.model%7Cext.cx.uls.quick.actions%7Cext.echo.centralauth%7Cext.eventLogging%2CnavigationTiming%2Cpopups%2CwikimediaEvents%7Cext.growthExperiments.SuggestedEditSession%7Cext.phonos.init%7Cext.scribunto.logs%7Cext.tmh.OgvJsSupport%2Cplayer%7Cext.uls.common%2Cinterface%2Cpreferences%2Cwebfonts%7Cext.urlShortener.toolbar%7Cjquery%2Coojs%2Csite%7Cjquery.client%2CmakeCollapsible%2CtextSelection%7Cjquery.uls.data%7Cmediawiki.ForeignApi%2CString%2CTitle%2CUri%2Capi%2Cbase%2Ccldr%2Ccookie%2Cexperiments%2CjqueryMsg%2Clanguage%2Crouter%2Cstorage%2Ctoc%2Cuser%2Cutil%2CvisibleTimeout%7Cmediawiki.ForeignApi.core%7Cmediawiki.editfont.styles%7Cmediawiki.libs.pluralruleparser%7Cmediawiki.page.gallery%2Cmedia%2Cready%7Cmediawiki.page.watch.ajax%7Cmmv.bootstrap%2Ccodex%7Cmw.cx.SiteMapper%7Coojs-ui.styles.icons-interactions%7Cskins.vector.clientPreferences%2Cjs%7Cskins.vector.icons.js%7Cwikibase.client.vector-2022%7Cwikibase.sidebar.tracking&skin=vector-2022&version=19isk:97:583

1732951484323	Marionette	INFO	Stopped listening on port 57251
Dynamically enable window occlusion 1
//www.googletagmanager.com/gtag/js?id=G-JLJFWVDS10:337:151
Hl@https://www.googletagmanager.com/gtag/js?id=G-JLJFWVDS10:342:434
h.fn/<@https://www.googletagmanager.com/gtag/js?id=G-JLJFWVDS10:620:171732951484085	Marionette	INFO	Stopped listening on port 58718
Dynamically enable window occlusion 1
om/gtag/js?id=G-JLJFWVDS10:4751732951484172	Marionette	INFO	Stopped listening on port 58644
Dynamically enable window occlusion 1
ger.com/gtag/js?id=G-JLJFWVDS10:635:671
jn@https://www.googletagmanager.com/gtag/js?id=G-JLJFWVDS10:358:28
hn.prototype.flush@https://www.googletagmanager.com/gtag/js?id=G-JLJFWVDS10:360:337
hn.prototype.push@https://www.googletagmanager.com/gtag/js?id=G-JLJFWVDS10:358:431
an@https://www.googletagmanager.com/gtag/js?id=G-JLJFWVDS10:355:773
OI/<@https://www.googletagmanager.com/gtag/js?id=G-JLJFWVDS10:636:187
h.xl/<@https://www.googletagmanager.com/gtag/js?id=G-JLJFWVDS10:576:126
h.xl/c/<@https://www.googletagmanager.com/gtag/js?id=G-JLJFWVDS10:575:418

1732951484201	Marionette	INFO	Stopped listening on port 58544
Dynamically enable window occlusion 1
ter%2Cstorage%2Ctoc%2Cuser%2Cutil%2CvisibleTimeout%7Cmediawiki.ForeignApi.core%7Cmediawiki.editfont.styles%7Cmediawiki.libs.pluralruleparser%7Cmediawiki.page.gallery%2Cmedia%2Cready%7Cmediawiki.page.watch.ajax%7Cmmv.bootstrap%2Ccodex%7Cmw.cx.SiteMapper%7Coojs-ui.styles.icons-interactions%7Cskins.vector.clientPreferences%2Cjs%7Cskins.vector.icons.js%7Cwikibase.client.vector-2022%7Cwikibase.sidebar.tracking&skin=vector-2022&version=19isk:97:583

1732951484361	Marionette	INFO	Stopped listening on port 57577
Dynamically enable window occlusion 1
t
Dynamically enable window occlusion 0
1732950137123	Marionette	INFO	Marionette enabled
1732950137320	Marionette	INFO	Listening on port 59089
WebDriver BiDi listening on ws://127.0.0.1:59080
Read port: 59089
1732950137501	RemoteAgent	WARN	TLS certificate errors will be ignored for this session
1732950148739	Marionette	INFO	Stopped listening on port 59089
Dynamically enable window occlusion 1
1732950398269	geckodriver	INFO	Listening on 127.0.0.1:59367
1732950401328	mozrunner::runner	INFO	Running command: "C:\\Program Files\\Mozilla Firefox\\firefox.exe" "--marionette" "--remote-debugging-port" "59368" "--remote-allow-hosts" "localhost" "-no-remote" "-profile" "C:\\Users\\ADMINI~1\\AppData\\Local\\Temp\\rust_mozprofiles88i7M"
console.warn: services.settings: Ignoring preference override of remote settings server
console.warn: services.settings: Allow by setting MOZ_REMOTE_SETTINGS_DEVTOOLS=1 in the environment
Dynamically enable window occlusion 0
1732950401708	Marionette	INFO	Marionette enabled
1732950401899	Marionette	INFO	Listening on port 59377
WebDriver BiDi listening on ws://127.0.0.1:59368
Read port: 59377
1732950402086	RemoteAgent	WARN	TLS certificate errors will be ignored for this session
1732950412131	Marionette	INFO	Stopped listening on port 59377
Dynamically enable window occlusion 1
1732951255997	geckodriver	INFO	Listening on 127.0.0.1:60859
1732951259074	mozrunner::runner	INFO	Running command: "C:\\Program Files\\Mozilla Firefox\\firefox.exe" "--marionette" "--remote-debugging-port" "60860" "--remote-allow-hosts" "localhost" "-no-remote" "-profile" "C:\\Users\\ADMINI~1\\AppData\\Local\\Temp\\rust_mozprofileQNnLF9"
console.warn: services.settings: Ignoring preference override of remote settings server
console.warn: services.settings: Allow by setting MOZ_REMOTE_SETTINGS_DEVTOOLS=1 in the environment
Dynamically enable window occlusion 0
1732951259449	Marionette	INFO	Marionette enabled
1732951259641	Marionette	INFO	Listening on port 60869
WebDriver BiDi listening on ws://127.0.0.1:60860
Read port: 60869
1732951259824	RemoteAgent	WARN	TLS certificate errors will be ignored for this session
JavaScript error: https://www.moneycontrol.com/mc/assets/js/charting_library-v22/charting_library/charting_library.js?v=33.51, line 1: TypeError: this._innerAPI() is undefined
JavaScript warning: https://pagead2.googlesyndication.com/bg/AZhFfPohrWQYsOIoYjrS8f8JOGLIZZSdCGNFz-TUQ28.js line 2 > eval line 7734 > eval line 1 > eval line 1 > eval, line 1: WEBGL_debug_renderer_info is deprecated in Firefox and will be removed. Please use RENDERER.
JavaScript error: https://d22swxawtpfyg.cloudfront.net/moneycontrol/sep-2024/scroll-intr-open/mc_sr_main.min.js, line 1: ReferenceError: pbjs is not defined
JavaScript warning: https://pagead2.googlesyndication.com/bg/AZhFfPohrWQYsOIoYjrS8f8JOGLIZZSdCGNFz-TUQ28.js line 2 > eval line 992 > eval line 1 > eval line 1 > eval, line 1: WEBGL_debug_renderer_info is deprecated in Firefox and will be removed. Please use RENDERER.
JavaScript warning: https://pagead2.googlesyndication.com/bg/AZhFfPohrWQYsOIoYjrS8f8JOGLIZZSdCGNFz-TUQ28.js line 2 > eval line 1691 > eval line 1 > eval line 1 > eval, line 1: WEBGL_debug_renderer_info is deprecated in Firefox and will be removed. Please use RENDERER.
JavaScript warning: https://pagead2.googlesyndication.com/bg/AZhFfPohrWQYsOIoYjrS8f8JOGLIZZSdCGNFz-TUQ28.js line 2 > eval line 3114 > eval line 1 > eval line 1 > eval, line 1: WEBGL_debug_renderer_info is deprecated in Firefox and will be removed. Please use RENDERER.
JavaScript warning: https://pagead2.googlesyndication.com/bg/AZhFfPohrWQYsOIoYjrS8f8JOGLIZZSdCGNFz-TUQ28.js line 2 > eval line 5010 > eval line 1 > eval line 1 > eval, line 1: WEBGL_debug_renderer_info is deprecated in Firefox and will be removed. Please use RENDERER.
JavaScript warning: https://pagead2.googlesyndication.com/bg/AZhFfPohrWQYsOIoYjrS8f8JOGLIZZSdCGNFz-TUQ28.js line 2 > eval line 4838 > eval line 1 > eval line 1 > eval, line 1: WEBGL_debug_renderer_info is deprecated in Firefox and will be removed. Please use RENDERER.
JavaScript warning: https://pagead2.googlesyndication.com/bg/AZhFfPohrWQYsOIoYjrS8f8JOGLIZZSdCGNFz-TUQ28.js line 2 > eval line 2192 > eval line 1 > eval line 1 > eval, line 1: WEBGL_debug_renderer_info is deprecated in Firefox and will be removed. Please use RENDERER.
JavaScript warning: https://pagead2.googlesyndication.com/bg/AZhFfPohrWQYsOIoYjrS8f8JOGLIZZSdCGNFz-TUQ28.js line 2 > eval line 739 > eval line 1 > eval line 1 > eval, line 1: WEBGL_debug_renderer_info is deprecated in Firefox and will be removed. Please use RENDERER.
JavaScript warning: https://pagead2.googlesyndication.com/bg/AZhFfPohrWQYsOIoYjrS8f8JOGLIZZSdCGNFz-TUQ28.js line 2 > eval line 5602 > eval line 1 > eval line 1 > eval, line 1: WEBGL_debug_renderer_info is deprecated in Firefox and will be removed. Please use RENDERER.
JavaScript warning: https://pagead2.googlesyndication.com/bg/AZhFfPohrWQYsOIoYjrS8f8JOGLIZZSdCGNFz-TUQ28.js line 2 > eval line 7548 > eval line 1 > eval line 1 > eval, line 1: WEBGL_debug_renderer_info is deprecated in Firefox and will be removed. Please use RENDERER.
JavaScript warning: https://securepubads.g.doubleclick.net/pagead/managed/js/gpt/m202411180101/pubads_impl.js, line 33: Script terminated by timeout at:
N/<@https://securepubads.g.doubleclick.net/pagead/managed/js/gpt/m202411180101/pubads_impl.js:33:71606
processSlot/timer<@https://rtbcdn.andbeyond.media/prod-global-32339.js:1:44910

1732951484482	Marionette	INFO	Stopped listening on port 60869
Dynamically enable window occlusion 1
JavaScript error: , line 0: TypeError: NetworkError when attempting to fetch resource.
JavaScript error: , line 0: TypeError: NetworkError when attempting to fetch resource.
JavaScript error: , line 0: TypeError: NetworkError when attempting to fetch resource.
JavaScript error: , line 0: TypeError: NetworkError when attempting to fetch resource.
JavaScript error: , line 0: TypeError: NetworkError when attempting to fetch resource.
JavaScript error: , line 0: TypeError: NetworkError when attempting to fetch resource.
JavaScript error: , line 0: TypeError: NetworkError when attempting to fetch resource.
JavaScript error: , line 0: TypeError: NetworkError when attempting to fetch resource.
JavaScript error: , line 0: TypeError: NetworkError when attempting to fetch resource.
JavaScript error: , line 0: TypeError: NetworkError when attempting to fetch resource.
[GFX1-]: VideoBridgeParent receives IPC close with reason=AbnormalShutdown
ferenceError: pbjs is not defined
JavaScript warning: https://pagead2.googlesyndication.com/bg/AZhFfPohrWQYsOIoYjrS8f8JOGLIZZSdCGNFz-TUQ28.js line 2 > eval line 138 > eval line 1 > eval line 1 > eval, line 1: WEBGL_debug_renderer_info is deprecated in Firefox and will be removed. Please use RENDERER.
JavaScript warning: https://pagead2.googlesyndication.com/bg/AZhFfPohrWQYsOIoYjrS8f8JOGLIZZSdCGNFz-TUQ28.js line 2 > eval line 6880 > eval line 1 > eval line 1 > eval, line 1: WEBGL_debug_renderer_info is deprecated in Firefox and will be removed. Please use RENDERER.
JavaScript warning: https://pagead2.googlesyndication.com/bg/AZhFfPohrWQYsOIoYjrS8f8JOGLIZZSdCGNFz-TUQ28.js line 2 > eval line 969 > eval line 1 > eval line 1 > eval, line 1: WEBGL_debug_renderer_info is deprecated in Firefox and will be removed. Please use RENDERER.
JavaScript warning: https://pagead2.googlesyndication.com/bg/AZhFfPohrWQYsOIoYjrS8f8JOGLIZZSdCGNFz-TUQ28.js line 2 > eval line 3435 > eval line 1 > eval line 1 > eval, line 1: WEBGL_debug_renderer_info is deprecated in Firefox and will be removed. Please use RENDERER.
JavaScript warning: https://pagead2.googlesyndication.com/bg/AZhFfPohrWQYsOIoYjrS8f8JOGLIZZSdCGNFz-TUQ28.js line 2 > eval line 6060 > eval line 1 > eval line 1 > eval, line 1: WEBGL_debug_renderer_info is deprecated in Firefox and will be removed. Please use RENDERER.
JavaScript warning: https://pagead2.googlesyndication.com/bg/AZhFfPohrWQYsOIoYjrS8f8JOGLIZZSdCGNFz-TUQ28.js line 2 > eval line 4731 > eval line 1 > eval line 1 > eval, line 1: WEBGL_debug_renderer_info is deprecated in Firefox and will be removed. Please use RENDERER.
JavaScript warning: https://www.googletagmanager.com/gtag/js?id=G-4S48PBY299, line 732: Script terminated by timeout at:
get@https://www.googletagmanager.com/gtag/js?id=G-4S48PBY299:732:115
stop@https://www.googletagmanager.com/gtag/js?id=G-4S48PBY299:732:87
h.xl/c/<@https://www.googletagmanager.com/gtag/js?id=G-4S48PBY299:732:410

1732951485220	Marionette	INFO	Stopped listening on port 61397
Dynamically enable window occlusion 1
JavaScript error: , line 0: TypeError: NetworkError when attempting to fetch resource.
JavaScript error: , line 0: TypeError: NetworkError when attempting to fetch resource.
JavaScript error: , line 0: TypeError: NetworkError when attempting to fetch resource.
JavaScript error: , line 0: TypeError: NetworkError when attempting to fetch resource.
JavaScript error: , line 0: AbortError: The operation was aborted. 
JavaScript error: , line 0: AbortError: The operation was aborted. 
JavaScript error: , line 0: AbortError: The operation was aborted. 
JavaScript error: , line 0: AbortError: The operation was aborted. 
JavaScript error: , line 0: AbortError: The operation was aborted. 
[GFX1-]: VideoBridgeParent receives IPC close with reason=AbnormalShutdown
1732951644241	geckodriver	INFO	Listening on 127.0.0.1:62156
1732951647302	mozrunner::runner	INFO	Running command: "C:\\Program Files\\Mozilla Firefox\\firefox.exe" "--marionette" "--remote-debugging-port" "62157" "--remote-allow-hosts" "localhost" "-no-remote" "-profile" "C:\\Users\\ADMINI~1\\AppData\\Local\\Temp\\rust_mozprofileql2hpY"
console.warn: services.settings: Ignoring preference override of remote settings server
console.warn: services.settings: Allow by setting MOZ_REMOTE_SETTINGS_DEVTOOLS=1 in the environment
Dynamically enable window occlusion 0
1732951647670	Marionette	INFO	Marionette enabled
1732951647846	Marionette	INFO	Listening on port 62166
WebDriver BiDi listening on ws://127.0.0.1:62157
Read port: 62166
1732951648029	RemoteAgent	WARN	TLS certificate errors will be ignored for this session
JavaScript error: https://www.moneycontrol.com/mc/assets/js/charting_library-v22/charting_library/charting_library.js?v=33.51, line 1: TypeError: this._innerAPI() is undefined
JavaScript warning: https://pagead2.googlesyndication.com/bg/AZhFfPohrWQYsOIoYjrS8f8JOGLIZZSdCGNFz-TUQ28.js line 2 > eval line 5872 > eval line 1 > eval line 1 > eval, line 1: WEBGL_debug_renderer_info is deprecated in Firefox and will be removed. Please use RENDERER.
JavaScript warning: https://pagead2.googlesyndication.com/bg/AZhFfPohrWQYsOIoYjrS8f8JOGLIZZSdCGNFz-TUQ28.js line 2 > eval line 430 > eval line 1 > eval line 1 > eval, line 1: WEBGL_debug_renderer_info is deprecated in Firefox and will be removed. Please use RENDERER.
JavaScript error: https://d22swxawtpfyg.cloudfront.net/moneycontrol/sep-2024/scroll-intr-open/mc_sr_main.min.js, line 1: ReferenceError: pbjs is not defined
JavaScript warning: https://pagead2.googlesyndication.com/bg/AZhFfPohrWQYsOIoYjrS8f8JOGLIZZSdCGNFz-TUQ28.js line 2 > eval line 7078 > eval line 1 > eval line 1 > eval, line 1: WEBGL_debug_renderer_info is deprecated in Firefox and will be removed. Please use RENDERER.
JavaScript warning: https://pagead2.googlesyndication.com/bg/AZhFfPohrWQYsOIoYjrS8f8JOGLIZZSdCGNFz-TUQ28.js line 2 > eval line 5759 > eval line 1 > eval line 1 > eval, line 1: WEBGL_debug_renderer_info is deprecated in Firefox and will be removed. Please use RENDERER.
JavaScript warning: https://pagead2.googlesyndication.com/bg/AZhFfPohrWQYsOIoYjrS8f8JOGLIZZSdCGNFz-TUQ28.js line 2 > eval line 7657 > eval line 1 > eval line 1 > eval, line 1: WEBGL_debug_renderer_info is deprecated in Firefox and will be removed. Please use RENDERER.
JavaScript warning: https://pagead2.googlesyndication.com/bg/AZhFfPohrWQYsOIoYjrS8f8JOGLIZZSdCGNFz-TUQ28.js line 2 > eval line 255 > eval line 1 > eval line 1 > eval, line 1: WEBGL_debug_renderer_info is deprecated in Firefox and will be removed. Please use RENDERER.
JavaScript warning: https://pagead2.googlesyndication.com/bg/AZhFfPohrWQYsOIoYjrS8f8JOGLIZZSdCGNFz-TUQ28.js line 2 > eval line 535 > eval line 1 > eval line 1 > eval, line 1: WEBGL_debug_renderer_info is deprecated in Firefox and will be removed. Please use RENDERER.
JavaScript warning: https://pagead2.googlesyndication.com/bg/AZhFfPohrWQYsOIoYjrS8f8JOGLIZZSdCGNFz-TUQ28.js line 2 > eval line 6265 > eval line 1 > eval line 1 > eval, line 1: WEBGL_debug_renderer_info is deprecated in Firefox and will be removed. Please use RENDERER.
